<?xml version="1.0" encoding="UTF-8"?>
<!-- Generated by org.testng.reporters.JUnitReportReporter -->
<testsuite hostname="Sadafs-MacBook-Pro.local" failures="0" tests="1" name="com.testcases.APITesting.APITest" time="8.093" errors="0" timestamp="2022-11-24T15:07:22 PKT" skipped="0">
  <testcase classname="com.testcases.APITesting.APITest" name="config" time="8.093"/>
  <system-out/>
</testsuite> <!-- com.testcases.APITesting.APITest -->
